[07-Jun-2025 13:45:37 Europe/Berlin] PHP Fatal error:  Uncaught Dotenv\Exception\InvalidPathException: Unable to read any of the environment file(s) at [C:\Users\Seehna\Desktop\HLPfolio\.env]. in C:\Users\Seehna\Desktop\HLPfolio\vendor\vlucas\phpdotenv\src\Store\FileStore.php:68
Stack trace:
#0 C:\Users\Seehna\Desktop\HLPfolio\vendor\vlucas\phpdotenv\src\Dotenv.php(222): Dotenv\Store\FileStore->read()
#1 C:\Users\Seehna\Desktop\HLPfolio\send_mail.php(16): Dotenv\Dotenv->load()
#2 {main}
  thrown in C:\Users\Seehna\Desktop\HLPfolio\vendor\vlucas\phpdotenv\src\Store\FileStore.php on line 68
[07-Jun-2025 13:45:53 Europe/Berlin] PHP Fatal error:  Uncaught Dotenv\Exception\InvalidPathException: Unable to read any of the environment file(s) at [C:\Users\Seehna\Desktop\HLPfolio\.env]. in C:\Users\Seehna\Desktop\HLPfolio\vendor\vlucas\phpdotenv\src\Store\FileStore.php:68
Stack trace:
#0 C:\Users\Seehna\Desktop\HLPfolio\vendor\vlucas\phpdotenv\src\Dotenv.php(222): Dotenv\Store\FileStore->read()
#1 C:\Users\Seehna\Desktop\HLPfolio\send_mail.php(16): Dotenv\Dotenv->load()
#2 {main}
  thrown in C:\Users\Seehna\Desktop\HLPfolio\vendor\vlucas\phpdotenv\src\Store\FileStore.php on line 68
[07-Jun-2025 13:45:54 Europe/Berlin] PHP Fatal error:  Uncaught Dotenv\Exception\InvalidPathException: Unable to read any of the environment file(s) at [C:\Users\Seehna\Desktop\HLPfolio\.env]. in C:\Users\Seehna\Desktop\HLPfolio\vendor\vlucas\phpdotenv\src\Store\FileStore.php:68
Stack trace:
#0 C:\Users\Seehna\Desktop\HLPfolio\vendor\vlucas\phpdotenv\src\Dotenv.php(222): Dotenv\Store\FileStore->read()
#1 C:\Users\Seehna\Desktop\HLPfolio\send_mail.php(16): Dotenv\Dotenv->load()
#2 {main}
  thrown in C:\Users\Seehna\Desktop\HLPfolio\vendor\vlucas\phpdotenv\src\Store\FileStore.php on line 68
[07-Jun-2025 13:46:08 Europe/Berlin] PHP Fatal error:  Uncaught Dotenv\Exception\InvalidPathException: Unable to read any of the environment file(s) at [C:\Users\Seehna\Desktop\HLPfolio\.env]. in C:\Users\Seehna\Desktop\HLPfolio\vendor\vlucas\phpdotenv\src\Store\FileStore.php:68
Stack trace:
#0 C:\Users\Seehna\Desktop\HLPfolio\vendor\vlucas\phpdotenv\src\Dotenv.php(222): Dotenv\Store\FileStore->read()
#1 C:\Users\Seehna\Desktop\HLPfolio\send_mail.php(16): Dotenv\Dotenv->load()
#2 {main}
  thrown in C:\Users\Seehna\Desktop\HLPfolio\vendor\vlucas\phpdotenv\src\Store\FileStore.php on line 68
[07-Jun-2025 13:47:48 Europe/Berlin] PHP Fatal error:  Uncaught Dotenv\Exception\InvalidPathException: Unable to read any of the environment file(s) at [C:\Users\Seehna\Desktop\HLPfolio\.env]. in C:\Users\Seehna\Desktop\HLPfolio\vendor\vlucas\phpdotenv\src\Store\FileStore.php:68
Stack trace:
#0 C:\Users\Seehna\Desktop\HLPfolio\vendor\vlucas\phpdotenv\src\Dotenv.php(222): Dotenv\Store\FileStore->read()
#1 C:\Users\Seehna\Desktop\HLPfolio\send_mail.php(16): Dotenv\Dotenv->load()
#2 {main}
  thrown in C:\Users\Seehna\Desktop\HLPfolio\vendor\vlucas\phpdotenv\src\Store\FileStore.php on line 68
[07-Jun-2025 13:54:00 Europe/Berlin] PHP Fatal error:  Uncaught Dotenv\Exception\InvalidPathException: Unable to read any of the environment file(s) at [C:\Users\Seehna\Desktop\HLPfolio\.env]. in C:\Users\Seehna\Desktop\HLPfolio\vendor\vlucas\phpdotenv\src\Store\FileStore.php:68
Stack trace:
#0 C:\Users\Seehna\Desktop\HLPfolio\vendor\vlucas\phpdotenv\src\Dotenv.php(222): Dotenv\Store\FileStore->read()
#1 C:\Users\Seehna\Desktop\HLPfolio\send_mail.php(16): Dotenv\Dotenv->load()
#2 {main}
  thrown in C:\Users\Seehna\Desktop\HLPfolio\vendor\vlucas\phpdotenv\src\Store\FileStore.php on line 68
[07-Jun-2025 15:10:29 Europe/Berlin] PHP Fatal error:  Uncaught Dotenv\Exception\InvalidPathException: Unable to read any of the environment file(s) at [C:\Users\Seehna\Desktop\HLPfolio\.env]. in C:\Users\Seehna\Desktop\HLPfolio\vendor\vlucas\phpdotenv\src\Store\FileStore.php:68
Stack trace:
#0 C:\Users\Seehna\Desktop\HLPfolio\vendor\vlucas\phpdotenv\src\Dotenv.php(222): Dotenv\Store\FileStore->read()
#1 C:\Users\Seehna\Desktop\HLPfolio\send_mail.php(16): Dotenv\Dotenv->load()
#2 {main}
  thrown in C:\Users\Seehna\Desktop\HLPfolio\vendor\vlucas\phpdotenv\src\Store\FileStore.php on line 68
